\BOOKMARK [0][]{chapter*.1}{\376\377\144\130\211\201}{}% 1
\BOOKMARK [0][]{ustctoc.0}{\376\377\166\356\137\125}{}% 2
\BOOKMARK [0][]{chapter.1}{\376\377\173\054\0001\172\340\000\040\000\040\137\025\212\000}{}% 3
\BOOKMARK [1][-]{section.1.1}{\376\377\0001\000.\0001\000\040\177\026\121\231\166\356\166\204}{chapter.1}% 4
\BOOKMARK [1][-]{section.1.2}{\376\377\0001\000.\0002\000\040\230\171\166\356\200\314\146\157}{chapter.1}% 5
\BOOKMARK [1][-]{section.1.3}{\376\377\0001\000.\0003\000\040\147\057\213\355}{chapter.1}% 6
\BOOKMARK [0][]{chapter.2}{\376\377\173\054\0002\172\340\000\040\000\040\116\373\122\241\151\202\217\360}{}% 7
\BOOKMARK [1][-]{section.2.1}{\376\377\0002\000.\0001\000\040\166\356\150\007}{chapter.2}% 8
\BOOKMARK [1][-]{section.2.2}{\376\377\0002\000.\0002\000\040\137\000\123\321\116\016\217\320\210\114\163\257\130\203}{chapter.2}% 9
\BOOKMARK [2][-]{subsection.2.2.1}{\376\377\0002\000.\0002\000.\0001\000\040\137\000\123\321\163\257\130\203\166\204\221\115\177\156}{section.2.2}% 10
\BOOKMARK [2][-]{subsection.2.2.2}{\376\377\0002\000.\0002\000.\0002\000\040\155\113\213\325\163\257\130\203\166\204\221\115\177\156}{section.2.2}% 11
\BOOKMARK [2][-]{subsection.2.2.3}{\376\377\0002\000.\0002\000.\0003\000\040\217\320\210\114\163\257\130\203\166\204\221\115\177\156}{section.2.2}% 12
\BOOKMARK [1][-]{section.2.3}{\376\377\0002\000.\0003\000\040\227\000\154\102\151\202\217\360}{chapter.2}% 13
\BOOKMARK [1][-]{section.2.4}{\376\377\0002\000.\0004\000\040\147\141\116\366\116\016\226\120\122\066}{chapter.2}% 14
\BOOKMARK [0][]{chapter.3}{\376\377\173\054\0003\172\340\000\040\000\040\140\073\117\123\213\276\213\241}{}% 15
\BOOKMARK [1][-]{section.3.1}{\376\377\0003\000.\0001\000\040\217\157\116\366\143\317\217\360}{chapter.3}% 16
\BOOKMARK [1][-]{section.3.2}{\376\377\0003\000.\0002\000\040\131\004\164\006\155\101\172\013}{chapter.3}% 17
\BOOKMARK [2][-]{subsection.3.2.1}{\376\377\0003\000.\0002\000.\0001\000\040\140\073\117\123\155\101\172\013}{section.3.2}% 18
\BOOKMARK [2][-]{subsection.3.2.2}{\376\377\0003\000.\0002\000.\0002\000\040\174\373\176\337\127\372\147\054\155\101\172\013}{section.3.2}% 19
\BOOKMARK [2][-]{subsection.3.2.3}{\376\377\0003\000.\0002\000.\0003\000\040\133\242\142\067\172\357\127\372\147\054\155\101\172\013}{section.3.2}% 20
\BOOKMARK [2][-]{subsection.3.2.4}{\376\377\0003\000.\0002\000.\0004\000\040\147\015\122\241\126\150\172\357\127\372\147\054\155\101\172\013}{section.3.2}% 21
\BOOKMARK [2][-]{subsection.3.2.5}{\376\377\0003\000.\0002\000.\0005\000\040\122\237\200\375\0001\121\167\117\123\155\101\172\013}{section.3.2}% 22
\BOOKMARK [2][-]{subsection.3.2.6}{\376\377\0003\000.\0002\000.\0006\000\040\122\237\200\375\0002\121\167\117\123\155\101\172\013}{section.3.2}% 23
\BOOKMARK [2][-]{subsection.3.2.7}{\376\377\0003\000.\0002\000.\0007\000\040\122\237\200\375\0003\121\167\117\123\155\101\172\013}{section.3.2}% 24
\BOOKMARK [1][-]{section.3.3}{\376\377\0003\000.\0003\000\040\122\237\200\375\176\323\147\204\213\276\213\241}{chapter.3}% 25
\BOOKMARK [2][-]{subsection.3.3.1}{\376\377\0003\000.\0003\000.\0001\000\040\145\164\117\123\176\323\147\204}{section.3.3}% 26
\BOOKMARK [2][-]{subsection.3.3.2}{\376\377\0003\000.\0003\000.\0002\000\040\165\050\142\067\172\357\176\323\147\204}{section.3.3}% 27
\BOOKMARK [2][-]{subsection.3.3.3}{\376\377\0003\000.\0003\000.\0003\000\040\147\015\122\241\126\150\172\357\176\323\147\204}{section.3.3}% 28
\BOOKMARK [2][-]{subsection.3.3.4}{\376\377\0003\000.\0003\000.\0004\000\040\124\016\123\360\145\160\143\156\136\223\176\364\142\244\152\041\127\127\176\323\147\204}{section.3.3}% 29
\BOOKMARK [1][-]{section.3.4}{\376\377\0003\000.\0004\000\040\122\237\200\375\227\000\154\102\116\016\172\013\136\217\116\343\170\001\166\204\121\163\174\373}{chapter.3}% 30
\BOOKMARK [0][]{chapter.4}{\376\377\173\054\0004\172\340\000\040\000\040\143\245\123\343\213\276\213\241}{}% 31
\BOOKMARK [1][-]{section.4.1}{\376\377\0004\000.\0001\000\040\131\026\220\350\143\245\123\343}{chapter.4}% 32
\BOOKMARK [2][-]{subsection.4.1.1}{\376\377\0004\000.\0001\000.\0001\000\040\145\057\116\330\133\235\143\245\123\343}{section.4.1}% 33
\BOOKMARK [1][-]{section.4.2}{\376\377\0004\000.\0002\000\040\121\205\220\350\143\245\123\343}{chapter.4}% 34
\BOOKMARK [0][]{chapter.5}{\376\377\173\054\0005\172\340\000\040\000\040\145\160\143\156\176\323\147\204\213\276\213\241}{}% 35
\BOOKMARK [1][-]{section.5.1}{\376\377\0005\000.\0001\000\040\220\073\217\221\176\323\147\204\213\276\213\241}{chapter.5}% 36
\BOOKMARK [2][-]{subsection.5.1.1}{\376\377\0005\000.\0001\000.\0001\000\040\165\050\142\067\173\241\164\006\174\373\176\337\145\160\143\156\176\323\147\204\213\276\213\241}{section.5.1}% 37
\BOOKMARK [2][-]{subsection.5.1.2}{\376\377\0005\000.\0001\000.\0002\000\040\133\242\142\067\172\357\145\160\143\156\176\323\147\204}{section.5.1}% 38
\BOOKMARK [2][-]{subsection.5.1.3}{\376\377\0005\000.\0001\000.\0003\000\040\165\050\142\067\172\357\145\160\143\156\176\323\147\204}{section.5.1}% 39
\BOOKMARK [1][-]{section.5.2}{\376\377\0005\000.\0002\000\040\162\151\164\006\176\323\147\204\213\276\213\241}{chapter.5}% 40
\BOOKMARK [1][-]{section.5.3}{\376\377\0005\000.\0003\000\040\145\160\143\156\176\323\147\204\116\016\172\013\136\217\152\041\127\127\166\204\121\163\174\373}{chapter.5}% 41
\BOOKMARK [0][]{chapter.6}{\376\377\173\054\0006\172\340\000\040\000\040\145\160\143\156\136\223\213\276\213\241}{}% 42
\BOOKMARK [1][-]{section.6.1}{\376\377\0006\000.\0001\000\040\145\160\143\156\136\223\163\257\130\203\213\364\146\016}{chapter.6}% 43
\BOOKMARK [1][-]{section.6.2}{\376\377\0006\000.\0002\000\040\145\160\143\156\136\223\166\204\124\175\124\015\211\304\122\031}{chapter.6}% 44
\BOOKMARK [1][-]{section.6.3}{\376\377\0006\000.\0003\000\040\220\073\217\221\213\276\213\241}{chapter.6}% 45
\BOOKMARK [1][-]{section.6.4}{\376\377\0006\000.\0004\000\040\162\151\164\006\213\276\213\241}{chapter.6}% 46
\BOOKMARK [2][-]{subsection.6.4.1}{\376\377\0006\000.\0004\000.\0001\000\040\145\160\143\156\136\223\116\247\124\301}{section.6.4}% 47
\BOOKMARK [2][-]{subsection.6.4.2}{\376\377\0006\000.\0004\000.\0002\000\040\133\236\117\123\134\136\140\047\060\001\174\173\127\213\060\001\174\276\136\246}{section.6.4}% 48
\BOOKMARK [1][-]{section.6.5}{\376\377\0006\000.\0005\000\040\133\211\121\150\140\047\213\276\213\241}{chapter.6}% 49
\BOOKMARK [1][-]{section.6.6}{\376\377\0006\000.\0006\000\040\145\160\143\156\136\223\173\241\164\006\116\016\176\364\142\244\213\364\146\016}{chapter.6}% 50
\BOOKMARK [0][]{chapter.7}{\376\377\173\054\0007\172\340\000\040\000\040\165\114\227\142\213\276\213\241}{}% 51
\BOOKMARK [1][-]{section.7.1}{\376\377\0007\000.\0001\000\040\133\242\142\067\172\357\165\114\227\142}{chapter.7}% 52
\BOOKMARK [1][-]{section.7.2}{\376\377\0007\000.\0002\000\040\147\015\122\241\126\150\172\357\165\114\227\142}{chapter.7}% 53
\BOOKMARK [1][-]{section.7.3}{\376\377\0007\000.\0003\000\040\166\173\137\125\165\114\227\142}{chapter.7}% 54
\BOOKMARK [1][-]{section.7.4}{\376\377\0007\000.\0004\000\040\000x\000x\000x\122\237\200\375\165\114\227\142}{chapter.7}% 55
\BOOKMARK [0][]{chapter.8}{\376\377\173\054\0008\172\340\000\040\000\040\121\372\225\031\131\004\164\006\213\276\213\241}{}% 56
\BOOKMARK [1][-]{section.8.1}{\376\377\0008\000.\0001\000\040\145\160\143\156\136\223\121\372\225\031\131\004\164\006}{chapter.8}% 57
\BOOKMARK [1][-]{section.8.2}{\376\377\0008\000.\0002\000\040\147\320\152\041\127\127\131\061\145\110\131\004\164\006}{chapter.8}% 58
\BOOKMARK [0][]{chapter.9}{\376\377\173\054\0009\172\340\000\040\000\040\133\211\121\150\117\335\133\306\213\276\213\241}{}% 59
\BOOKMARK [0][]{chapter.10}{\376\377\173\054\0001\0000\172\340\000\040\000\040\176\364\142\244\213\276\213\241}{}% 60
