\BOOKMARK [0][]{chapter*.1}{\376\377\144\130\211\201}{}% 1
\BOOKMARK [0][]{ustctoc.0}{\376\377\166\356\137\125}{}% 2
\BOOKMARK [0][]{chapter.1}{\376\377\173\054\0001\172\340\000\040\000\040\173\200\116\313}{}% 3
\BOOKMARK [1][-]{section.1.1}{\376\377\0001\000.\0001\000\040\166\356\166\204}{chapter.1}% 4
\BOOKMARK [1][-]{section.1.2}{\376\377\0001\000.\0002\000\040\203\003\126\364}{chapter.1}% 5
\BOOKMARK [0][]{chapter.2}{\376\377\173\054\0002\172\340\000\040\000\040\140\073\117\123\151\202\217\360}{}% 6
\BOOKMARK [1][-]{section.2.1}{\376\377\0002\000.\0001\000\040\217\157\116\366\151\202\217\360}{chapter.2}% 7
\BOOKMARK [2][-]{subsection.2.1.1}{\376\377\0002\000.\0001\000.\0001\000\040\230\171\166\356\116\313\176\315}{section.2.1}% 8
\BOOKMARK [2][-]{subsection.2.1.2}{\376\377\0002\000.\0001\000.\0002\000\040\116\247\124\301\163\257\130\203\116\313\176\315}{section.2.1}% 9
\BOOKMARK [1][-]{section.2.2}{\376\377\0002\000.\0002\000\040\217\157\116\366\122\237\200\375}{chapter.2}% 10
\BOOKMARK [1][-]{section.2.3}{\376\377\0002\000.\0003\000\040\165\050\142\067\162\171\137\201}{chapter.2}% 11
\BOOKMARK [1][-]{section.2.4}{\376\377\0002\000.\0004\000\040\120\107\213\276\124\214\117\235\215\126\121\163\174\373}{chapter.2}% 12
\BOOKMARK [0][]{chapter.3}{\376\377\173\054\0003\172\340\000\040\000\040\121\167\117\123\227\000\154\102}{}% 13
\BOOKMARK [1][-]{section.3.1}{\376\377\0003\000.\0001\000\040\122\237\200\375\227\000\154\102}{chapter.3}% 14
\BOOKMARK [2][-]{subsection.3.1.1}{\376\377\0003\000.\0001\000.\0001\000\040\116\000\133\371\116\000\123\163\145\366\220\032\213\257}{section.3.1}% 15
\BOOKMARK [2][-]{subsection.3.1.2}{\376\377\0003\000.\0001\000.\0002\000\040\131\032\140\305\130\203\177\244\200\112}{section.3.1}% 16
\BOOKMARK [2][-]{subsection.3.1.3}{\376\377\0003\000.\0001\000.\0003\000\040\155\073\122\250\000/\116\373\122\241\123\321\136\003\116\016\173\241\164\006}{section.3.1}% 17
\BOOKMARK [2][-]{subsection.3.1.4}{\376\377\0003\000.\0001\000.\0004\000\040\227\363\211\306\230\221\220\032\213\335\000\050\117\032\213\256\000\051}{section.3.1}% 18
\BOOKMARK [2][-]{subsection.3.1.5}{\376\377\0003\000.\0001\000.\0005\000\040\220\032\213\257\137\125}{section.3.1}% 19
\BOOKMARK [2][-]{subsection.3.1.6}{\376\377\0003\000.\0001\000.\0006\000\040\200\112\131\051\213\260\137\125}{section.3.1}% 20
\BOOKMARK [2][-]{subsection.3.1.7}{\376\377\0003\000.\0001\000.\0007\000\040\155\210\140\157\143\320\221\222}{section.3.1}% 21
\BOOKMARK [2][-]{subsection.3.1.8}{\376\377\0003\000.\0001\000.\0008\000\040\000B\000o\000a\000r\000d\000\050\136\177\127\072\000\051}{section.3.1}% 22
\BOOKMARK [1][-]{section.3.2}{\376\377\0003\000.\0002\000\040\140\047\200\375\227\000\154\102}{chapter.3}% 23
\BOOKMARK [2][-]{subsection.3.2.1}{\376\377\0003\000.\0002\000.\0001\000\040\140\047\200\375\227\000\154\102\0001}{section.3.2}% 24
\BOOKMARK [1][-]{section.3.3}{\376\377\0003\000.\0003\000\040\131\026\220\350\143\245\123\343\227\000\154\102}{chapter.3}% 25
\BOOKMARK [2][-]{subsection.3.3.1}{\376\377\0003\000.\0003\000.\0001\000\040\165\050\142\067\143\245\123\343}{section.3.3}% 26
\BOOKMARK [2][-]{subsection.3.3.2}{\376\377\0003\000.\0003\000.\0002\000\040\217\157\116\366\143\245\123\343}{section.3.3}% 27
\BOOKMARK [2][-]{subsection.3.3.3}{\376\377\0003\000.\0003\000.\0003\000\040\170\154\116\366\143\245\123\343}{section.3.3}% 28
\BOOKMARK [2][-]{subsection.3.3.4}{\376\377\0003\000.\0003\000.\0004\000\040\220\032\213\257\143\245\123\343}{section.3.3}% 29
\BOOKMARK [0][]{chapter.4}{\376\377\173\054\0004\172\340\000\040\000\040\140\073\117\123\213\276\213\241\176\246\147\137}{}% 30
\BOOKMARK [1][-]{section.4.1}{\376\377\0004\000.\0001\000\040\150\007\121\306\173\046\124\010\140\047}{chapter.4}% 31
\BOOKMARK [1][-]{section.4.2}{\376\377\0004\000.\0002\000\040\170\154\116\366\176\246\147\137}{chapter.4}% 32
\BOOKMARK [1][-]{section.4.3}{\376\377\0004\000.\0003\000\040\142\200\147\057\226\120\122\066}{chapter.4}% 33
\BOOKMARK [0][]{chapter.5}{\376\377\173\054\0005\172\340\000\040\000\040\217\157\116\366\215\050\221\317\162\171\140\047}{}% 34
\BOOKMARK [0][]{chapter.6}{\376\377\173\054\0006\172\340\000\040\000\040\121\166\116\326\227\000\154\102}{}% 35
\BOOKMARK [1][-]{section.6.1}{\376\377\0006\000.\0001\000\040\145\160\143\156\136\223}{chapter.6}% 36
\BOOKMARK [1][-]{section.6.2}{\376\377\0006\000.\0002\000\040\144\315\117\134}{chapter.6}% 37
\BOOKMARK [1][-]{section.6.3}{\376\377\0006\000.\0003\000\040\147\054\127\060\123\026}{chapter.6}% 38
\BOOKMARK [0][]{chapter.7}{\376\377\173\054\0007\172\340\000\040\000\040\117\235\215\126\121\163\174\373}{}% 39
\BOOKMARK [0][]{chapter.8}{\376\377\173\054\0008\172\340\000\040\000\040\227\000\154\102\122\006\176\247}{}% 40
\BOOKMARK [0][]{chapter.9}{\376\377\173\054\0009\172\340\000\040\000\040\137\205\170\156\133\232\225\356\230\230}{}% 41
\BOOKMARK [0][]{appendix.A}{\376\377\226\104\137\125\000\040\000A\000\040\000\040\123\357\210\114\140\047\122\006\147\220\176\323\147\234}{}% 42
\BOOKMARK [0][]{appendix.B}{\376\377\226\104\137\125\000\040\000B\000\040\000\040\227\000\154\102\136\372\152\041\000\040}{}% 43
\BOOKMARK [1][-]{section.B.1}{\376\377\000B\000.\0001\000\040\145\160\143\156\155\101\126\376}{appendix.B}% 44
\BOOKMARK [2][-]{subsection.B.1.1}{\376\377\000B\000.\0001\000.\0001\000\040\230\166\134\102\145\160\143\156\155\101\126\376}{section.B.1}% 45
\BOOKMARK [2][-]{subsection.B.1.2}{\376\377\000B\000.\0001\000.\0002\000\040\134\102\145\160\143\156\155\101\126\376}{section.B.1}% 46
\BOOKMARK [2][-]{subsection.B.1.3}{\376\377\000B\000.\0001\000.\0003\000\040\134\102\145\160\143\156\155\101\126\376}{section.B.1}% 47
\BOOKMARK [1][-]{section.B.2}{\376\377\000B\000.\0002\000\040\145\160\143\156\133\127\121\170}{appendix.B}% 48
\BOOKMARK [2][-]{subsection.B.2.1}{\376\377\000B\000.\0002\000.\0001\000\040\145\160\143\156\155\101\213\364\146\016}{section.B.2}% 49
\BOOKMARK [2][-]{subsection.B.2.2}{\376\377\000B\000.\0002\000.\0002\000\040\145\160\143\156\133\130\120\250\213\364\146\016}{section.B.2}% 50
\BOOKMARK [2][-]{subsection.B.2.3}{\376\377\000B\000.\0002\000.\0003\000\040\122\240\135\345\213\364\146\016}{section.B.2}% 51
